# JRE version: OpenJDK Runtime Environment (11.0.1) (build 11.0.1-internal+0-adhoc..src)
# Java VM: OpenJDK 64-Bit Server VM (11.0.1-internal+0-adhoc..src, mixed mode, tiered, compressed oops, g1 gc, linux-amd64)
Heap:
 garbage-first heap   total 1028096K, used 177115K [0x0000000600000000, 0x0000000800000000)
  region size 2048K, 20 young (40960K), 4 survivors (8192K)
 Metaspace       used 35408K, capacity 36379K, committed 36508K, reserved 1081344K
  class space    used 4095K, capacity 4498K, committed 4588K, reserved 1048576K
GC Heap History (10 events):
Event: 1,509 GC heap after
{Heap after GC invocations=1 (full 0):
 garbage-first heap   total 1028096K, used 7077K [0x0000000600000000, 0x0000000800000000)
  region size 2048K, 4 young (8192K), 4 survivors (8192K)
 Metaspace       used 20314K, capacity 20834K, committed 20992K, reserved 1069056K
  class space    used 2083K, capacity 2271K, committed 2304K, reserved 1048576K
}
Event: 1,525 GC heap before
{Heap before GC invocations=1 (full 0):
 garbage-first heap   total 1028096K, used 7077K [0x0000000600000000, 0x0000000800000000)
  region size 2048K, 5 young (10240K), 4 survivors (8192K)
 Metaspace       used 20683K, capacity 21179K, committed 21296K, reserved 1069056K
  class space    used 2128K, capacity 2345K, committed 2432K, reserved 1048576K
}
Event: 1,533 GC heap after
{Heap after GC invocations=2 (full 0):
 garbage-first heap   total 1028096K, used 7901K [0x0000000600000000, 0x0000000800000000)
  region size 2048K, 1 young (2048K), 1 survivors (2048K)
 Metaspace       used 20683K, capacity 21179K, committed 21296K, reserved 1069056K
  class space    used 2128K, capacity 2345K, committed 2432K, reserved 1048576K
}
Event: 3,080 GC heap before
{Heap before GC invocations=3 (full 0):
 garbage-first heap   total 1028096K, used 42717K [0x0000000600000000, 0x0000000800000000)
  region size 2048K, 20 young (40960K), 1 survivors (2048K)
 Metaspace       used 34944K, capacity 35834K, committed 35888K, reserved 1081344K
  class space    used 4055K, capacity 4466K, committed 4480K, reserved 1048576K
}
Event: 3,087 GC heap after
{Heap after GC invocations=4 (full 0):
 garbage-first heap   total 1028096K, used 12305K [0x0000000600000000, 0x0000000800000000)
  region size 2048K, 3 young (6144K), 3 survivors (6144K)
 Metaspace       used 34944K, capacity 35834K, committed 35888K, reserved 1081344K
  class space    used 4055K, capacity 4466K, committed 4480K, reserved 1048576K
}
Event: 3,444 GC heap before
{Heap before GC invocations=5 (full 0):
 garbage-first heap   total 1028096K, used 149521K [0x0000000600000000, 0x0000000800000000)
  region size 2048K, 70 young (143360K), 3 survivors (6144K)
 Metaspace       used 35395K, capacity 36315K, committed 36508K, reserved 1081344K
  class space    used 4095K, capacity 4498K, committed 4588K, reserved 1048576K
}
Event: 3,459 GC heap after
{Heap after GC invocations=6 (full 0):
 garbage-first heap   total 1028096K, used 115826K [0x0000000600000000, 0x0000000800000000)
  region size 2048K, 7 young (14336K), 7 survivors (14336K)
 Metaspace       used 35395K, capacity 36315K, committed 36508K, reserved 1081344K
  class space    used 4095K, capacity 4498K, committed 4588K, reserved 1048576K
}
Event: 3,646 GC heap before
{Heap before GC invocations=6 (full 0):
 garbage-first heap   total 1028096K, used 248946K [0x0000000600000000, 0x0000000800000000)
  region size 2048K, 72 young (147456K), 7 survivors (14336K)
 Metaspace       used 35408K, capacity 36379K, committed 36508K, reserved 1081344K
  class space    used 4095K, capacity 4498K, committed 4588K, reserved 1048576K
}
Event: 3,660 GC heap after
{Heap after GC invocations=7 (full 0):
 garbage-first heap   total 1028096K, used 144347K [0x0000000600000000, 0x0000000800000000)
  region size 2048K, 9 young (18432K), 9 survivors (18432K)
 Metaspace       used 35408K, capacity 36379K, committed 36508K, reserved 1081344K
  class space    used 4095K, capacity 4498K, committed 4588K, reserved 1048576K
}
Event: 3,698 GC heap before
{Heap before GC invocations=7 (full 0):
 garbage-first heap   total 1028096K, used 177115K [0x0000000600000000, 0x0000000800000000)
  region size 2048K, 25 young (51200K), 9 survivors (18432K)
 Metaspace       used 35408K, capacity 36379K, committed 36508K, reserved 1081344K
  class space    used 4095K, capacity 4498K, committed 4588K, reserved 1048576K
}

