# JRE version: OpenJDK Runtime Environment (11.0.9.1) (build 11.0.9.1-internal+0-adhoc..src)
# Java VM: OpenJDK 64-Bit Server VM (11.0.9.1-internal+0-adhoc..src, mixed mode, tiered, compressed oops, g1 gc, linux-amd64)
Heap:
 garbage-first heap   total 1028096K, used 107863K [0x0000000600000000, 0x0000000800000000)
  region size 2048K, 44 young (90112K), 6 survivors (12288K)
 Metaspace       used 34673K, capacity 35550K, committed 35840K, reserved 1081344K
  class space    used 3981K, capacity 4343K, committed 4352K, reserved 1048576K
GC Heap History (9 events):
Event: 1,136 GC heap before
{Heap before GC invocations=0 (full 0):
 garbage-first heap   total 1028096K, used 51200K [0x0000000600000000, 0x0000000800000000)
  region size 2048K, 25 young (51200K), 0 survivors (0K)
 Metaspace       used 17332K, capacity 17674K, committed 18048K, reserved 1064960K
  class space    used 1731K, capacity 1870K, committed 1920K, reserved 1048576K
}
Event: 1,142 GC heap after
{Heap after GC invocations=1 (full 0):
 garbage-first heap   total 1028096K, used 7304K [0x0000000600000000, 0x0000000800000000)
  region size 2048K, 4 young (8192K), 4 survivors (8192K)
 Metaspace       used 17332K, capacity 17674K, committed 18048K, reserved 1064960K
  class space    used 1731K, capacity 1870K, committed 1920K, reserved 1048576K
}
Event: 1,548 GC heap before
{Heap before GC invocations=1 (full 0):
 garbage-first heap   total 1028096K, used 13448K [0x0000000600000000, 0x0000000800000000)
  region size 2048K, 8 young (16384K), 4 survivors (8192K)
 Metaspace       used 20687K, capacity 21165K, committed 21248K, reserved 1069056K
  class space    used 2092K, capacity 2288K, committed 2304K, reserved 1048576K
}
Event: 1,559 GC heap after
{Heap after GC invocations=2 (full 0):
 garbage-first heap   total 1028096K, used 8601K [0x0000000600000000, 0x0000000800000000)
  region size 2048K, 1 young (2048K), 1 survivors (2048K)
 Metaspace       used 20687K, capacity 21165K, committed 21248K, reserved 1069056K
  class space    used 2092K, capacity 2288K, committed 2304K, reserved 1048576K
}
Event: 3,296 GC heap before
{Heap before GC invocations=3 (full 0):
 garbage-first heap   total 1028096K, used 70041K [0x0000000600000000, 0x0000000800000000)
  region size 2048K, 31 young (63488K), 1 survivors (2048K)
 Metaspace       used 34657K, capacity 35550K, committed 35840K, reserved 1081344K
  class space    used 3981K, capacity 4343K, committed 4352K, reserved 1048576K
}
Event: 3,300 GC heap after
{Heap after GC invocations=4 (full 0):
 garbage-first heap   total 1028096K, used 18959K [0x0000000600000000, 0x0000000800000000)
  region size 2048K, 4 young (8192K), 4 survivors (8192K)
 Metaspace       used 34657K, capacity 35550K, committed 35840K, reserved 1081344K
  class space    used 3981K, capacity 4343K, committed 4352K, reserved 1048576K
}
Event: 3,376 GC heap before
{Heap before GC invocations=4 (full 0):
 garbage-first heap   total 1028096K, used 72207K [0x0000000600000000, 0x0000000800000000)
  region size 2048K, 30 young (61440K), 4 survivors (8192K)
 Metaspace       used 34671K, capacity 35550K, committed 35840K, reserved 1081344K
  class space    used 3981K, capacity 4343K, committed 4352K, reserved 1048576K
}
Event: 3,381 GC heap after
{Heap after GC invocations=5 (full 0):
 garbage-first heap   total 1028096K, used 30039K [0x0000000600000000, 0x0000000800000000)
  region size 2048K, 4 young (8192K), 4 survivors (8192K)
 Metaspace       used 34671K, capacity 35550K, committed 35840K, reserved 1081344K
  class space    used 3981K, capacity 4343K, committed 4352K, reserved 1048576K
}
Event: 3,475 GC heap before
{Heap before GC invocations=5 (full 0):
 garbage-first heap   total 1028096K, used 107863K [0x0000000600000000, 0x0000000800000000)
  region size 2048K, 42 young (86016K), 4 survivors (8192K)
 Metaspace       used 34673K, capacity 35550K, committed 35840K, reserved 1081344K
  class space    used 3981K, capacity 4343K, committed 4352K, reserved 1048576K
}

